
five
rx5	1	-   *   -------    |                     {  0.10,   0.10,   0.20,   0.30,   0.40}
rx3	1	 -    *    ----    |                     {  0.15,   0.15,   0.25,   0.35,   0.40}
rx1	2	           -      *|-----                {  0.34,   0.34,   0.49,   0.51,   0.60}
rx2	3	                   |    -    *    ------ {  0.60,   0.60,   0.70,   0.80,   0.90}
rx4	3	                   |    -    *    ------ {  0.60,   0.60,   0.70,   0.80,   0.90}

num
	10	5.5	3.0276503540975

tiles
	rx6	--*-               |                     {  8.66,   9.44,   9.98,  10.52,  11.31}
	rx7	--*-               |                     {  8.71,   9.43,   9.98,  10.49,  11.25}
	rx1	--*-               |                     {  8.67,   9.48,  10.00,  10.51,  11.26}
	rx10	 -*-               |                     {  8.81,   9.49,  10.04,  10.57,  11.41}
	rx2	 -*-               |                     {  8.83,   9.55,  10.09,  10.60,  11.33}
	rx3	          -*--     |                     { 18.77,  19.52,  20.01,  20.53,  21.31}
	rx4	                   |-*-                  { 28.68,  29.46,  30.00,  30.57,  31.32}
	rx5	                   |-*-                  { 28.78,  29.47,  30.03,  30.59,  31.41}
	rx9	                   |       --- *---      { 36.17,  38.40,  39.94,  41.64,  43.78}
	rx8	                   |         --*-        { 38.60,  39.52,  40.05,  40.56,  41.36}

six
rx1	1	----------         *                   - { 99.00,  99.50, 100.00, 101.00, 101.00}
rx3	1	----------         *                   - { 99.00,  99.50, 100.00, 101.00, 101.00}
rx2	1	-------------------*                   - { 99.00, 100.00, 100.00, 101.00, 101.00}
rx4	1	-------------------*                   - { 99.00, 100.00, 100.00, 101.00, 101.00}

sk
	1	rx6	--*-               |                     {  8.66,   9.44,   9.98,  10.52,  11.31}
	1	rx7	--*-               |                     {  8.71,   9.43,   9.98,  10.49,  11.25}
	1	rx1	--*-               |                     {  8.67,   9.48,  10.00,  10.51,  11.26}
	1	rx10	 -*-               |                     {  8.81,   9.49,  10.04,  10.57,  11.41}
	1	rx2	 -*-               |                     {  8.83,   9.55,  10.09,  10.60,  11.33}
	2	rx3	          -*--     |                     { 18.77,  19.52,  20.01,  20.53,  21.31}
	3	rx4	                   |-*-                  { 28.68,  29.46,  30.00,  30.57,  31.32}
	3	rx5	                   |-*-                  { 28.78,  29.47,  30.03,  30.59,  31.41}
	4	rx9	                   |       --- *---      { 36.17,  38.40,  39.94,  41.64,  43.78}
	4	rx8	                   |         --*-        { 38.60,  39.52,  40.05,  40.56,  41.36}

basic
		truee	true	true
		false	false	false
		false	false	false

bootmu
	mu	sd	cliffs	boot	both
	--	--	------	----	----
	10.0	1	true	true	true
	10.1	1	true	true	true
	10.2	1	true	true	true
	10.3	1	true	false	false
	10.4	1	true	false	false
	10.5	1	true	false	false
	10.6	1	true	false	false
	10.7	1	true	false	false
	10.8	1	false	false	false
	10.9	1	false	false	false
	11.0	1	false	false	false

pre

eg3
		1	true	true	true
		1.05	true	false	true
		1.1	false	false	true
		1.15	false	false	true
		1.2	false	false	true
		1.25	false	false	true
		1.3	false	false	true
		1.35	false	false	true
		1.4	false	false	true
		1.45	false	false	true

ok

sample
	bddea
	bdbcc
	dbcee
	ddada
	baeac
	aaebc
	edbdc
	cebdc
	dcebb
	eeaec

gauss
	10000	9.997285834967	2.0309584467425
