
ok

num
  10  5.5  3.0276503540974917

samples
['b', 'e', 'a', 'c', 'a']
['d', 'd', 'd', 'd', 'b']
['a', 'd', 'a', 'd', 'd']
['e', 'a', 'd', 'c', 'b']
['e', 'a', 'c', 'a', 'a']
['a', 'e', 'a', 'd', 'b']
['d', 'a', 'e', 'b', 'd']
['d', 'e', 'b', 'c', 'b']
['b', 'd', 'c', 'a', 'd']
['e', 'a', 'b', 'c', 'a']

gauss
  10000  10.012884769344133  2.0114077973747886

basic
		True 	True	True
		True 	False	False
		False	False	False

pre

eg3
	1.0	True True True
	1.05	True False True
	1.1	False False True
	1.15	False False True
	1.2	False False True
	1.25	False False True
	1.3	False False True
	1.35	False False True
	1.4	False False True
	1.45	False False True

five
rx5 1 -   *   -------    |                     {  0.10,   0.10,   0.20,   0.30,   0.40}
rx3 1  -    *    ----    |                     {  0.15,   0.15,   0.25,   0.35,   0.40}
rx1 2            -      *|-----                {  0.34,   0.34,   0.49,   0.51,   0.60}
rx2 3                    |    -    *    ------ {  0.60,   0.60,   0.70,   0.80,   0.90}
rx4 3                    |    -    *    ------ {  0.60,   0.60,   0.70,   0.80,   0.90}

six
rx1 1 ----------         *                   - { 99.00,  99.50, 100.00, 101.00, 101.00}
rx3 1 ----------         *                   - { 99.00,  99.50, 100.00, 101.00, 101.00}
rx2 1 -------------------*                   - { 99.00, 100.00, 100.00, 101.00, 101.00}
rx4 1 -------------------*                   - { 99.00, 100.00, 100.00, 101.00, 101.00}

tiles
 rx1  -*-               |                     {  8.68,   9.42,   9.94,  10.49,  11.23}
 rx10  -*-               |                     {  8.74,   9.41,   9.98,  10.51,  11.26}
 rx6  -*-               |                     {  8.65,   9.43,  10.00,  10.49,  11.21}
 rx7  -*-               |                     {  8.74,   9.47,  10.01,  10.54,  11.31}
 rx2  -*-               |                     {  8.90,   9.65,  10.20,  10.64,  11.42}
 rx3           -*-      |                     { 18.75,  19.45,  20.00,  20.53,  21.26}
 rx4                    |*-                   { 28.64,  29.40,  30.03,  30.56,  31.24}
 rx5                    |*-                   { 28.90,  29.63,  30.16,  30.64,  31.44}
 rx8                    |        -*-          { 38.73,  39.47,  39.99,  40.50,  41.27}
 rx9                    |      ---* ---       { 36.07,  38.57,  40.08,  41.94,  44.06}

sk
 1 rx1  -*-               |                     {  8.68,   9.42,   9.94,  10.49,  11.23}
 1 rx10  -*-               |                     {  8.74,   9.41,   9.98,  10.51,  11.26}
 1 rx6  -*-               |                     {  8.65,   9.43,  10.00,  10.49,  11.21}
 1 rx7  -*-               |                     {  8.74,   9.47,  10.01,  10.54,  11.31}
 1 rx2  -*-               |                     {  8.90,   9.65,  10.20,  10.64,  11.42}
 2 rx3           -*-      |                     { 18.75,  19.45,  20.00,  20.53,  21.26}
 3 rx4                    |*-                   { 28.64,  29.40,  30.03,  30.56,  31.24}
 3 rx5                    |*-                   { 28.90,  29.63,  30.16,  30.64,  31.44}
 4 rx8                    |        -*-          { 38.73,  39.47,  39.99,  40.50,  41.27}
 4 rx9                    |      ---* ---       { 36.07,  38.57,  40.08,  41.94,  44.06}

bootmu
  mu sd cliffs boot both 
  -- -- ------ ---- ---- 
 10.0 1 True  True True
 10.1 1 True  True True
 10.2 1 True  True True
 10.3 1 True  False False
 10.4 1 True  False False
 10.5 1 True  False False
 10.6 1 True  False False
 10.7 1 True  False False
 10.8 1 True  False False
 10.9 1 False  False False
 11.0 1 False  False False
